[31Jan2025 23:26:13.981] [main/INFO] [cpw.mods.modlauncher.Launcher/MODLAUNCHER]: ModLauncher running: args [--launchTarget, forgeclientuserdev, --version, 21.1.65, --assetIndex, 17, --assetsDir, C:\\Users\\TheBoyz\\.mcreator\\gradle\\caches\\neoformruntime\\assets, --gameDir, ., --fml.neoForgeVersion, 21.1.65, --fml.fmlVersion, 4.0.24, --fml.mcVersion, 1.21.1, --fml.neoFormVersion, 20240808.144430]
[31Jan2025 23:26:13.985] [main/INFO] [cpw.mods.modlauncher.Launcher/MODLAUNCHER]: JVM identified as Eclipse Adoptium OpenJDK 64-Bit Server VM 21.0.4+7-LTS
[31Jan2025 23:26:13.987] [main/INFO] [cpw.mods.modlauncher.Launcher/MODLAUNCHER]: ModLauncher 11.0.4+main.d2e20e43 starting: java version 21.0.4 by Eclipse Adoptium; OS Windows 10 arch amd64 version 10.0
[31Jan2025 23:26:14.162] [main/INFO] [net.neoforged.fml.loading.ImmediateWindowHandler/]: Loading ImmediateWindowProvider fmlearlywindow
[31Jan2025 23:26:14.277] [main/INFO] [EARLYDISPLAY/]: Trying GL version 4.6
[31Jan2025 23:26:14.457] [main/INFO] [EARLYDISPLAY/]: Requested GL version 4.6 got version 4.6
[31Jan2025 23:26:14.611] [main/INFO] [mixin/]: SpongePowered MIXIN Subsystem Version=0.8.7 Source=union:/C:/Users/TheBoyz/.mcreator/gradle/caches/modules-2/files-2.1/net.fabricmc/sponge-mixin/0.15.2+mixin.0.8.7/2af2f021d8e02a0220dc27a7a72b4666d66d44ca/sponge-mixin-0.15.2+mixin.0.8.7.jar%23131!/ Service=ModLauncher Env=CLIENT
[31Jan2025 23:26:15.039] [pool-2-thread-1/INFO] [EARLYDISPLAY/]: GL info: NVIDIA GeForce RTX 2060 SUPER/PCIe/SSE2 GL version 4.6.0 NVIDIA 566.36, NVIDIA Corporation
[31Jan2025 23:26:15.152] [main/INFO] [net.neoforged.fml.loading.moddiscovery.locators.JarInJarDependencyLocator/]: Found 2 dependencies adding them to mods collection
[31Jan2025 23:26:16.522] [main/INFO] [mixin/]: Compatibility level set to JAVA_17
[31Jan2025 23:26:16.531] [main/INFO] [mixin/]: Compatibility level set to JAVA_21
[31Jan2025 23:26:16.540] [main/INFO] [cpw.mods.modlauncher.LaunchServiceHandler/MODLAUNCHER]: Launching target 'forgeclientuserdev' with arguments [--version, 21.1.65, --gameDir, ., --assetsDir, C:\Users\TheBoyz\.mcreator\gradle\caches\neoformruntime\assets, --assetIndex, 17]
[31Jan2025 23:26:16.594] [main/WARN] [mixin/]: Reference map 'worldedit-neoforge.mixins.refmap.json' for worldedit-neoforge.mixins.json could not be read. If this is a development environment you can ignore this message
[31Jan2025 23:26:16.596] [main/WARN] [mixin/]: Reference map 'end_respawn_anchor.refmap.json' for end_respawn_anchor.mixins.json could not be read. If this is a development environment you can ignore this message
[31Jan2025 23:26:17.058] [main/INFO] [MixinExtras|Service/]: Initializing MixinExtras via com.llamalad7.mixinextras.service.MixinExtrasServiceImpl(version=0.4.1).
[31Jan2025 23:26:18.782] [Datafixer Bootstrap/INFO] [com.mojang.datafixers.DataFixerBuilder/]: 229 Datafixer optimizations took 453 milliseconds
[31Jan2025 23:26:24.913] [main/WARN] [net.minecraft.commands.Commands/]: Ambiguity between arguments [teleport, location] and [teleport, destination] with inputs: [0.1 -0.5 .9, 0 0 0]
[31Jan2025 23:26:24.915] [main/WARN] [net.minecraft.commands.Commands/]: Ambiguity between arguments [teleport, location] and [teleport, targets] with inputs: [0.1 -0.5 .9, 0 0 0]
[31Jan2025 23:26:24.918] [main/WARN] [net.minecraft.commands.Commands/]: Ambiguity between arguments [teleport, destination] and [teleport, targets] with inputs: [Player, 0123, @e, dd12be42-52a9-4a91-a8a1-11c01849e498]
[31Jan2025 23:26:24.919] [main/WARN] [net.minecraft.commands.Commands/]: Ambiguity between arguments [teleport, targets] and [teleport, destination] with inputs: [Player, 0123, dd12be42-52a9-4a91-a8a1-11c01849e498]
[31Jan2025 23:26:24.921] [main/WARN] [net.minecraft.commands.Commands/]: Ambiguity between arguments [teleport, targets, location] and [teleport, targets, destination] with inputs: [0.1 -0.5 .9, 0 0 0]
[31Jan2025 23:26:25.079] [Render thread/WARN] [net.minecraft.server.packs.VanillaPackResourcesBuilder/]: Assets URL 'union:/C:/Users/TheBoyz/MCreatorWorkspaces/outer_end_wilds/build/moddev/artifacts/neoforge-21.1.65-minecraft.jar%23187!/assets/.mcassetsroot' uses unexpected schema
[31Jan2025 23:26:25.080] [Render thread/WARN] [net.minecraft.server.packs.VanillaPackResourcesBuilder/]: Assets URL 'union:/C:/Users/TheBoyz/MCreatorWorkspaces/outer_end_wilds/build/moddev/artifacts/neoforge-21.1.65-minecraft.jar%23187!/data/.mcassetsroot' uses unexpected schema
[31Jan2025 23:26:25.133] [Render thread/INFO] [com.mojang.authlib.yggdrasil.YggdrasilAuthenticationService/]: Environment: Environment[sessionHost=https://sessionserver.mojang.com, servicesHost=https://api.minecraftservices.com, name=PROD]
[31Jan2025 23:26:25.144] [Render thread/INFO] [net.minecraft.client.Minecraft/]: Setting user: Dev
[31Jan2025 23:26:25.298] [Render thread/INFO] [net.minecraft.client.Minecraft/]: Backend library: LWJGL version 3.3.3+5
[31Jan2025 23:26:25.633] [modloading-worker-0/INFO] [net.neoforged.neoforge.common.NeoForgeMod/NEOFORGE-MOD]: NeoForge mod loading, version 21.1.65, for MC 1.21.1
[31Jan2025 23:26:26.817] [Render thread/INFO] [net.neoforged.neoforge.gametest.GameTestHooks/]: Enabled Gametest Namespaces: []
[31Jan2025 23:26:27.085] [Render thread/INFO] [net.minecraft.server.packs.resources.ReloadableResourceManager/]: Reloading ResourceManager: vanilla, mod_resources, mod/worldedit, mod/structureexpansion, mod/end_respawn_anchor, mod/architectury, mod/neoforge, mod/outer_end_wilds
[31Jan2025 23:26:27.277] [Worker-Main-4/INFO] [net.minecraft.client.gui.font.providers.UnihexProvider/]: Found unifont_all_no_pua-15.1.05.hex, loading
[31Jan2025 23:26:27.640] [Worker-Main-4/INFO] [net.minecraft.client.gui.font.providers.UnihexProvider/]: Found unifont_jp_patch-15.1.05.hex, loading
[31Jan2025 23:26:28.916] [Worker-Main-1/INFO] [com.sk89q.worldedit.extension.platform.PlatformManager/]: Got request to register class com.sk89q.worldedit.neoforge.NeoForgePlatform with WorldEdit [com.sk89q.worldedit.extension.platform.PlatformManager@287c7cbb]
[31Jan2025 23:26:28.918] [Worker-Main-1/INFO] [com.sk89q.worldedit.neoforge.NeoForgeWorldEdit/]: WorldEdit for NeoForge (version 7.3.5+6880-8ba3d89) is loaded
[31Jan2025 23:26:29.587] [Render thread/WARN] [net.minecraft.client.sounds.SoundEngine/]: Missing sound for event: minecraft:item.goat_horn.play
[31Jan2025 23:26:29.587] [Render thread/WARN] [net.minecraft.client.sounds.SoundEngine/]: Missing sound for event: minecraft:entity.goat.screaming.horn_break
[31Jan2025 23:26:29.641] [Render thread/INFO] [com.mojang.blaze3d.audio.Library/]: OpenAL initialized on device OpenAL Soft on LS27B61x (NVIDIA High Definition Audio)
[31Jan2025 23:26:29.642] [Render thread/INFO] [net.minecraft.client.sounds.SoundEngine/SOUNDS]: Sound engine started
[31Jan2025 23:26:29.776] [Render thread/INFO] [net.minecraft.client.renderer.texture.TextureAtlas/]: Created: 2048x2048x2 minecraft:textures/atlas/blocks.png-atlas
[31Jan2025 23:26:29.789] [Render thread/INFO] [net.minecraft.client.renderer.texture.TextureAtlas/]: Created: 256x256x2 minecraft:textures/atlas/signs.png-atlas
[31Jan2025 23:26:29.790] [Render thread/INFO] [net.minecraft.client.renderer.texture.TextureAtlas/]: Created: 512x512x2 minecraft:textures/atlas/shield_patterns.png-atlas
[31Jan2025 23:26:29.791] [Render thread/INFO] [net.minecraft.client.renderer.texture.TextureAtlas/]: Created: 512x512x2 minecraft:textures/atlas/banner_patterns.png-atlas
[31Jan2025 23:26:29.791] [Render thread/INFO] [net.minecraft.client.renderer.texture.TextureAtlas/]: Created: 1024x1024x2 minecraft:textures/atlas/armor_trims.png-atlas
[31Jan2025 23:26:29.795] [Render thread/INFO] [net.minecraft.client.renderer.texture.TextureAtlas/]: Created: 128x64x2 minecraft:textures/atlas/decorated_pot.png-atlas
[31Jan2025 23:26:29.795] [Render thread/INFO] [net.minecraft.client.renderer.texture.TextureAtlas/]: Created: 256x256x2 minecraft:textures/atlas/chest.png-atlas
[31Jan2025 23:26:29.795] [Render thread/INFO] [net.minecraft.client.renderer.texture.TextureAtlas/]: Created: 512x256x2 minecraft:textures/atlas/shulker_boxes.png-atlas
[31Jan2025 23:26:29.796] [Render thread/INFO] [net.minecraft.client.renderer.texture.TextureAtlas/]: Created: 512x256x2 minecraft:textures/atlas/beds.png-atlas
[31Jan2025 23:26:29.879] [Render thread/INFO] [net.minecraft.client.renderer.texture.TextureAtlas/]: Created: 512x256x0 minecraft:textures/atlas/particles.png-atlas
[31Jan2025 23:26:29.880] [Render thread/INFO] [net.minecraft.client.renderer.texture.TextureAtlas/]: Created: 512x256x0 minecraft:textures/atlas/paintings.png-atlas
[31Jan2025 23:26:29.881] [Render thread/INFO] [net.minecraft.client.renderer.texture.TextureAtlas/]: Created: 256x128x0 minecraft:textures/atlas/mob_effects.png-atlas
[31Jan2025 23:26:29.881] [Render thread/INFO] [net.minecraft.client.renderer.texture.TextureAtlas/]: Created: 64x64x0 minecraft:textures/atlas/map_decorations.png-atlas
[31Jan2025 23:26:29.881] [Render thread/INFO] [net.minecraft.client.renderer.texture.TextureAtlas/]: Created: 1024x512x0 minecraft:textures/atlas/gui.png-atlas
[31Jan2025 23:26:29.900] [Render thread/WARN] [net.minecraft.client.renderer.ShaderInstance/]: Shader rendertype_entity_translucent_emissive could not find sampler named Sampler2 in the specified shader program.
[31Jan2025 23:26:29.968] [Render thread/INFO] [net.neoforged.neoforge.client.entity.animation.json.AnimationLoader/]: Loaded 0 entity animations
[31Jan2025 23:26:35.468] [Render thread/INFO] [net.minecraft.client.Minecraft/]: Stopping!
